<?xml version="1.0" encoding="UTF-8"?>
<testsuite xmlns:xsi="http://www.w3.org/2001/XMLSchema-instance"
           xsi:noNamespaceSchemaLocation="https://maven.apache.org/surefire/maven-surefire-plugin/xsd/surefire-test-report-3.0.xsd"
           version="3.0" name="TestSuite" time="13.875" tests="3" errors="0" skipped="0" failures="2">
    <properties>
[...]
</properties>
    <testcase name="validateUserTypingOnSearchBar" classname="com.walmarttest.HomePageValidations" time="6.795"/>
    <testcase name="cleanUp" classname="com.walmarttest.HomePageValidations" time="6.819">
        <failure
                message="Session ID is null. Using WebDriver after calling quit()?&#10;Build info: version: &apos;3.141.59&apos;, revision: &apos;e82be7d358&apos;, time: &apos;2018-11-14T08:17:03&apos;&#10;System info: host: &apos;Nusruts-MBP.fios-router.home&apos;, ip: &apos;fe80:0:0:0:1805:8d6b:c02c:a419%en0&apos;, os.name: &apos;Mac OS X&apos;, os.arch: &apos;x86_64&apos;, os.version: &apos;10.15.7&apos;, java.version: &apos;13.0.2&apos;&#10;Driver info: driver.version: RemoteWebDriver"
                type="org.openqa.selenium.NoSuchSessionException">org.openqa.selenium.NoSuchSessionException:
            Session ID is null. Using WebDriver after calling quit()?
            Build info: version: '3.141.59', revision: 'e82be7d358', time: '2018-11-14T08:17:03'
            System info: host: 'Nusruts-MBP.fios-router.home', ip: 'fe80:0:0:0:1805:8d6b:c02c:a419%en0', os.name: 'Mac
            OS X', os.arch: 'x86_64', os.version: '10.15.7', java.version: '13.0.2'
            Driver info: driver.version: RemoteWebDriver
        </failure>
    </testcase>
    <testcase name="generateReport" classname="com.walmarttest.HomePageValidations" time="6.848">
        <failure type="java.lang.NullPointerException">java.lang.NullPointerException
        </failure>
    </testcase>
</testsuite>